
> frontend@0.1.0 build-storybook
> storybook build --output-dir C:\Users\Don\AppData\Local\Temp\chromatic--21244-HxWhVDJZqu9D

@storybook/cli v7.3.2

info => Cleaning outputDir: C:\Users\Don\AppData\Local\Temp\chromatic--21244-HxWhVDJZqu9D
info => Loading presets
info => Building manager..
info => Manager built (1.33 s)
info => Compiling preview..
info => Copying static files: C:\Users\Don\Documents\Langara\4980-Project2\mern\frontend\node_modules\@storybook\manager\static at C:\Users\Don\AppData\Local\Temp\chromatic--21244-HxWhVDJZqu9D\sb-common-assets
info Addon-docs: using MDX2
info => Loading Webpack configuration from `node_modules\react-scripts`
info => Removing existing JavaScript and TypeScript rules.
info => Modifying Create React App rules.
info => Using default Webpack5 setup
<s> [webpack.Progress] 0% 

<s> [webpack.Progress] 1% setup before run
<s> [webpack.Progress] 1% setup before run NodeEnvironmentPlugin
<s> [webpack.Progress] 1% setup before run
<s> [webpack.Progress] 2% setup run
<s> [webpack.Progress] 2% setup run ForkTsCheckerWebpackPlugin
<s> [webpack.Progress] 2% setup run ESLintWebpackPlugin_1
<s> [webpack.Progress] 2% setup run
<s> [webpack.Progress] 4% setup normal module factory
<s> [webpack.Progress] 4% setup normal module factory CaseSensitivePathsPlugin
<s> [webpack.Progress] 4% setup normal module factory ModuleNotFoundPlugin
<s> [webpack.Progress] 4% setup normal module factory IgnorePlugin
<s> [webpack.Progress] 4% setup normal module factory
<s> [webpack.Progress] 5% setup context module factory
<s> [webpack.Progress] 5% setup context module factory IgnorePlugin
<s> [webpack.Progress] 5% setup context module factory
<s> [webpack.Progress] 6% setup before compile
<s> [webpack.Progress] 6% setup before compile ProgressPlugin
<s> [webpack.Progress] 6% setup before compile
<s> [webpack.Progress] 7% setup compile
<s> [webpack.Progress] 7% setup compile ExternalsPlugin
<s> [webpack.Progress] 7% setup compile ExternalsPlugin
<s> [webpack.Progress] 7% setup compile
<s> [webpack.Progress] 8% setup compilation
<s> [webpack.Progress] 8% setup compilation unplugin-csf
<s> [webpack.Progress] 8% setup compilation mini-css-extract-plugin
<s> [webpack.Progress] 8% setup compilation ArrayPushCallbackChunkFormatPlugin
<s> [webpack.Progress] 8% setup compilation JsonpChunkLoadingPlugin
<s> [webpack.Progress] 8% setup compilation StartupChunkDependenciesPlugin
<s> [webpack.Progress] 8% setup compilation ImportScriptsChunkLoadingPlugin
<s> [webpack.Progress] 8% setup compilation FetchCompileWasmPlugin
<s> [webpack.Progress] 8% setup compilation FetchCompileAsyncWasmPlugin
<s> [webpack.Progress] 8% setup compilation WorkerPlugin
<s> [webpack.Progress] 8% setup compilation SplitChunksPlugin
<s> [webpack.Progress] 8% setup compilation RuntimeChunkPlugin
<s> [webpack.Progress] 8% setup compilation ResolverCachePlugin
<s> [webpack.Progress] 8% setup compilation HtmlWebpackPlugin
<s> [webpack.Progress] 8% setup compilation
<s> [webpack.Progress] 9% setup compilation
<s> [webpack.Progress] 9% setup compilation DefinePlugin
<s> [webpack.Progress] 9% setup compilation ProvidePlugin
<s> [webpack.Progress] 9% setup compilation ProgressPlugin
<s> [webpack.Progress] 9% setup compilation InlineChunkHtmlPlugin
<s> [webpack.Progress] 9% setup compilation InterpolateHtmlPlugin
<s> [webpack.Progress] 9% setup compilation mini-css-extract-plugin
<s> [webpack.Progress] 9% setup compilation ForkTsCheckerWebpackPlugin
<s> [webpack.Progress] 9% setup compilation DocGenPlugin
<s> [webpack.Progress] 9% setup compilation ChunkPrefetchPreloadPlugin
<s> [webpack.Progress] 9% setup compilation SourceMapDevToolPlugin
<s> [webpack.Progress] 9% setup compilation JavascriptModulesPlugin
<s> [webpack.Progress] 9% setup compilation JsonModulesPlugin
<s> [webpack.Progress] 9% setup compilation AssetModulesPlugin
<s> [webpack.Progress] 9% setup compilation EntryPlugin
<s> [webpack.Progress] 9% setup compilation RuntimePlugin
<s> [webpack.Progress] 9% setup compilation InferAsyncModulesPlugin
<s> [webpack.Progress] 9% setup compilation DataUriPlugin
<s> [webpack.Progress] 9% setup compilation FileUriPlugin
<s> [webpack.Progress] 9% setup compilation CompatibilityPlugin
<s> [webpack.Progress] 9% setup compilation HarmonyModulesPlugin
<s> [webpack.Progress] 9% setup compilation AMDPlugin
<s> [webpack.Progress] 9% setup compilation RequireJsStuffPlugin
<s> [webpack.Progress] 9% setup compilation CommonJsPlugin
<s> [webpack.Progress] 9% setup compilation LoaderPlugin
<s> [webpack.Progress] 9% setup compilation LoaderPlugin
<s> [webpack.Progress] 9% setup compilation NodeStuffPlugin
<s> [webpack.Progress] 9% setup compilation APIPlugin
<s> [webpack.Progress] 9% setup compilation ExportsInfoApiPlugin
<s> [webpack.Progress] 9% setup compilation WebpackIsIncludedPlugin
<s> [webpack.Progress] 9% setup compilation ConstPlugin
<s> [webpack.Progress] 9% setup compilation UseStrictPlugin
<s> [webpack.Progress] 9% setup compilation RequireIncludePlugin
<s> [webpack.Progress] 9% setup compilation RequireEnsurePlugin
<s> [webpack.Progress] 9% setup compilation RequireContextPlugin
<s> [webpack.Progress] 9% setup compilation ImportPlugin
<s> [webpack.Progress] 9% setup compilation ImportMetaContextPlugin
<s> [webpack.Progress] 9% setup compilation SystemPlugin
<s> [webpack.Progress] 9% setup compilation ImportMetaPlugin
<s> [webpack.Progress] 9% setup compilation URLPlugin
<s> [webpack.Progress] 9% setup compilation DefaultStatsFactoryPlugin
<s> [webpack.Progress] 9% setup compilation DefaultStatsPresetPlugin
<s> [webpack.Progress] 9% setup compilation DefaultStatsPrinterPlugin
<s> [webpack.Progress] 9% setup compilation JavascriptMetaInfoPlugin
<s> [webpack.Progress] 9% setup compilation EnsureChunkConditionsPlugin
<s> [webpack.Progress] 9% setup compilation RemoveEmptyChunksPlugin
<s> [webpack.Progress] 9% setup compilation MergeDuplicateChunksPlugin
<s> [webpack.Progress] 9% setup compilation FlagIncludedChunksPlugin
<s> [webpack.Progress] 9% setup compilation SideEffectsFlagPlugin
<s> [webpack.Progress] 9% setup compilation FlagDependencyExportsPlugin
<s> [webpack.Progress] 9% setup compilation FlagDependencyUsagePlugin
<s> [webpack.Progress] 9% setup compilation InnerGraphPlugin
<s> [webpack.Progress] 9% setup compilation MangleExportsPlugin
<s> [webpack.Progress] 9% setup compilation ModuleConcatenationPlugin
<s> [webpack.Progress] 9% setup compilation NoEmitOnErrorsPlugin
<s> [webpack.Progress] 9% setup compilation RealContentHashPlugin
<s> [webpack.Progress] 9% setup compilation WasmFinalizeExportsPlugin
<s> [webpack.Progress] 9% setup compilation NamedModuleIdsPlugin
<s> [webpack.Progress] 9% setup compilation DeterministicChunkIdsPlugin
<s> [webpack.Progress] 9% setup compilation DefinePlugin
<s> [webpack.Progress] 9% setup compilation TerserPlugin
<s> [webpack.Progress] 9% setup compilation TemplatedPathPlugin
<s> [webpack.Progress] 9% setup compilation RecordIdsPlugin
<s> [webpack.Progress] 9% setup compilation WarnCaseSensitiveModulesPlugin
<s> [webpack.Progress] 9% setup compilation IgnoreWarningsPlugin
<s> [webpack.Progress] 9% setup compilation ESLintWebpackPlugin_1
<s> [webpack.Progress] 9% setup compilation
<s> [webpack.Progress] 10% building
<s> [webpack.Progress] 10% building 0/1 entries 0/0 dependencies 0/0 modules
<s> [webpack.Progress] 23% building 0/1 entries 4/16 dependencies 2/4 modules
<s> [webpack.Progress] 17% building import loader ./node_modules/babel-loader/lib/index.js
<s> [webpack.Progress] 17% building import loader ./node_modules/source-map-loader/dist/cjs.js
<s> [webpack.Progress] 17% building 0/1 entries 15/61 dependencies 2/15 modules
<s> [webpack.Progress] 16% building 0/1 entries 19/70 dependencies 2/17 modules
<s> [webpack.Progress] 17% building 0/1 entries 23/92 dependencies 3/21 modules
<s> [webpack.Progress] 19% building import loader ./node_modules/unplugin/dist/webpack/loaders/load.js
<s> [webpack.Progress] 19% building 0/1 entries 76/101 dependencies 8/46 modules
<s> [webpack.Progress] 19% building 0/1 entries 77/101 dependencies 8/47 modules
info => Copying static files: C:\Users\Don\Documents\Langara\4980-Project2\mern\frontend\public at C:\Users\Don\AppData\Local\Temp\chromatic--21244-HxWhVDJZqu9D\
<s> [webpack.Progress] 17% building 0/1 entries 100/129 dependencies 8/58 modules
[0;33mOne of your dependencies, babel-preset-react-app, is importing the
"@babel/plugin-proposal-private-property-in-object" package without
declaring it in its dependencies. This is currently working because
"@babel/plugin-proposal-private-property-in-object" is already in your
node_modules folder for unrelated reasons, but it [1mmay break at any time[0;33m.

babel-preset-react-app is part of the create-react-app project, [1mwhich
is not maintianed anymore[0;33m. It is thus unlikely that this bug will
ever be fixed. Add "@babel/plugin-proposal-private-property-in-object" to
your devDependencies to work around this error. This will make this message
go away.[0m
  
<s> [webpack.Progress] 17% building 0/1 entries 114/129 dependencies 9/70 modules
<s> [webpack.Progress] 23% building 0/1 entries 209/254 dependencies 21/84 modules
<s> [webpack.Progress] 31% building import loader ./node_modules/mini-css-extract-plugin/dist/loader.js
<s> [webpack.Progress] 31% building import loader ./node_modules/css-loader/dist/cjs.js
<s> [webpack.Progress] 31% building import loader ./node_modules/postcss-loader/dist/cjs.js
<s> [webpack.Progress] 31% building 0/1 entries 241/294 dependencies 40/101 modules
<s> [webpack.Progress] 29% building 0/1 entries 281/309 dependencies 46/130 modules
<s> [webpack.Progress] 36% building 0/1 entries 393/464 dependencies 97/200 modules
<s> [webpack.Progress] 30% building 0/1 entries 468/500 dependencies 100/267 modules
<s> [webpack.Progress] 30% building 0/1 entries 473/600 dependencies 103/270 modules
<s> [webpack.Progress] 31% building 0/1 entries 700/790 dependencies 130/336 modules
<s> [webpack.Progress] 34% building 0/1 entries 900/958 dependencies 186/420 modules
<s> [webpack.Progress] 32% building 0/1 entries 1001/1100 dependencies 196/478 modules
<s> [webpack.Progress] 44% building 0/1 entries 1263/1300 dependencies 341/545 modules
<s> [webpack.Progress] 48% building 0/1 entries 1500/1536 dependencies 434/625 modules
<s> [webpack.Progress] 50% building 0/1 entries 1683/1748 dependencies 500/673 modules
<s> [webpack.Progress] 54% building 0/1 entries 1929/2000 dependencies 636/781 modules
<s> [webpack.Progress] 55% building 0/1 entries 2174/2200 dependencies 705/853 modules
<s> [webpack.Progress] 54% building 0/1 entries 2437/2500 dependencies 731/912 modules
<s> [webpack.Progress] 61% building 0/1 entries 2687/2693 dependencies 900/969 modules
<s> [webpack.Progress] 65% building 1/1 entries 2725/2725 dependencies 979/979 modules
<s> [webpack.Progress] 65% building
<s> [webpack.Progress] 69% building finish
<s> [webpack.Progress] 69% building finish
<s> [webpack.Progress] 70% sealing finish module graph
<s> [webpack.Progress] 70% sealing finish module graph ResolverCachePlugin
<s> [webpack.Progress] 70% sealing finish module graph InferAsyncModulesPlugin
<s> [webpack.Progress] 70% sealing finish module graph FlagDependencyExportsPlugin
<s> [webpack.Progress] 70% sealing finish module graph InnerGraphPlugin
<s> [webpack.Progress] 70% sealing finish module graph WasmFinalizeExportsPlugin
<s> [webpack.Progress] 70% sealing finish module graph ESLintWebpackPlugin_1
<s> [webpack.Progress] 70% sealing finish module graph
<s> [webpack.Progress] 70% sealing plugins
<s> [webpack.Progress] 70% sealing plugins DocGenPlugin
<s> [webpack.Progress] 70% sealing plugins WarnCaseSensitiveModulesPlugin
<s> [webpack.Progress] 70% sealing plugins
<s> [webpack.Progress] 71% sealing dependencies optimization
<s> [webpack.Progress] 71% sealing dependencies optimization SideEffectsFlagPlugin
<s> [webpack.Progress] 71% sealing dependencies optimization FlagDependencyUsagePlugin
<s> [webpack.Progress] 71% sealing dependencies optimization
<s> [webpack.Progress] 71% sealing after dependencies optimization
<s> [webpack.Progress] 71% sealing after dependencies optimization
<s> [webpack.Progress] 72% sealing chunk graph
<s> [webpack.Progress] 72% sealing chunk graph
<s> [webpack.Progress] 73% sealing after chunk graph
<s> [webpack.Progress] 73% sealing after chunk graph
<s> [webpack.Progress] 73% sealing optimizing
<s> [webpack.Progress] 73% sealing optimizing
<s> [webpack.Progress] 74% sealing module optimization
<s> [webpack.Progress] 74% sealing module optimization
<s> [webpack.Progress] 75% sealing after module optimization
<s> [webpack.Progress] 75% sealing after module optimization
<s> [webpack.Progress] 75% sealing chunk optimization
<s> [webpack.Progress] 75% sealing chunk optimization EnsureChunkConditionsPlugin
<s> [webpack.Progress] 75% sealing chunk optimization RemoveEmptyChunksPlugin
<s> [webpack.Progress] 75% sealing chunk optimization MergeDuplicateChunksPlugin
<s> [webpack.Progress] 75% sealing chunk optimization SplitChunksPlugin
<s> [webpack.Progress] 75% sealing chunk optimization RemoveEmptyChunksPlugin
<s> [webpack.Progress] 75% sealing chunk optimization
<s> [webpack.Progress] 76% sealing after chunk optimization
<s> [webpack.Progress] 76% sealing after chunk optimization
<s> [webpack.Progress] 77% sealing module and chunk tree optimization
<s> [webpack.Progress] 77% sealing module and chunk tree optimization PersistentChildCompilerSingletonPlugin
<s> [webpack.Progress] 77% sealing module and chunk tree optimization
<s> [webpack.Progress] 77% sealing after module and chunk tree optimization
<s> [webpack.Progress] 77% sealing after module and chunk tree optimization
<s> [webpack.Progress] 78% sealing chunk modules optimization
<s> [webpack.Progress] 78% sealing chunk modules optimization ModuleConcatenationPlugin
<s> [webpack.Progress] 78% sealing chunk modules optimization
<s> [webpack.Progress] 78% sealing after chunk modules optimization
<s> [webpack.Progress] 78% sealing after chunk modules optimization
<s> [webpack.Progress] 79% sealing module reviving
<s> [webpack.Progress] 79% sealing module reviving RecordIdsPlugin
<s> [webpack.Progress] 79% sealing module reviving
<s> [webpack.Progress] 80% sealing before module ids
<s> [webpack.Progress] 80% sealing before module ids
<s> [webpack.Progress] 80% sealing module ids
<s> [webpack.Progress] 80% sealing module ids NamedModuleIdsPlugin
<s> [webpack.Progress] 80% sealing module ids
<s> [webpack.Progress] 81% sealing module id optimization
<s> [webpack.Progress] 81% sealing module id optimization
<s> [webpack.Progress] 82% sealing module id optimization
<s> [webpack.Progress] 82% sealing module id optimization
<s> [webpack.Progress] 82% sealing chunk reviving
<s> [webpack.Progress] 82% sealing chunk reviving RecordIdsPlugin
<s> [webpack.Progress] 82% sealing chunk reviving
<s> [webpack.Progress] 83% sealing before chunk ids
<s> [webpack.Progress] 83% sealing before chunk ids
<s> [webpack.Progress] 84% sealing chunk ids
<s> [webpack.Progress] 84% sealing chunk ids DeterministicChunkIdsPlugin
<s> [webpack.Progress] 84% sealing chunk ids
<s> [webpack.Progress] 84% sealing chunk id optimization
<s> [webpack.Progress] 84% sealing chunk id optimization FlagIncludedChunksPlugin
<s> [webpack.Progress] 84% sealing chunk id optimization
<s> [webpack.Progress] 85% sealing after chunk id optimization
<s> [webpack.Progress] 85% sealing after chunk id optimization
<s> [webpack.Progress] 86% sealing record modules
<s> [webpack.Progress] 86% sealing record modules RecordIdsPlugin
<s> [webpack.Progress] 86% sealing record modules
<s> [webpack.Progress] 86% sealing record chunks
<s> [webpack.Progress] 86% sealing record chunks RecordIdsPlugin
<s> [webpack.Progress] 86% sealing record chunks
<s> [webpack.Progress] 87% sealing module hashing
<s> [webpack.Progress] 87% sealing module hashing
<s> [webpack.Progress] 87% sealing code generation
<s> [webpack.Progress] 87% sealing code generation
<s> [webpack.Progress] 88% sealing runtime requirements
<s> [webpack.Progress] 88% sealing runtime requirements
<s> [webpack.Progress] 89% sealing hashing
<s> [webpack.Progress] 89% sealing hashing
<s> [webpack.Progress] 89% sealing after hashing
<s> [webpack.Progress] 89% sealing after hashing
<s> [webpack.Progress] 90% sealing record hash
<s> [webpack.Progress] 90% sealing record hash
<s> [webpack.Progress] 91% sealing module assets processing
<s> [webpack.Progress] 91% sealing module assets processing
<s> [webpack.Progress] 91% sealing chunk assets processing
<s> [webpack.Progress] 91% sealing chunk assets processing
<s> [webpack.Progress] 92% sealing asset processing
<s> [webpack.Progress] 92% sealing asset processing ESLintWebpackPlugin_1
<s> [webpack.Progress] 92% sealing asset processing PersistentChildCompilerSingletonPlugin
<s> [webpack.Progress] 92% sealing asset processing TerserPlugin
<s> [webpack.Progress] 92% sealing asset processing SourceMapDevToolPlugin
<s> [webpack.Progress] 92% sealing asset processing SourceMapDevToolPlugin
<s> [webpack.Progress] 92% sealing asset processing SourceMapDevToolPlugin main.d922d069.iframe.bundle.js generate SourceMap
<s> [webpack.Progress] 92% sealing asset processing SourceMapDevToolPlugin main.d922d069.iframe.bundle.js generated SourceMap
<s> [webpack.Progress] 92% sealing asset processing SourceMapDevToolPlugin runtime~main.700f640f.iframe.bundle.js generate SourceMap
<s> [webpack.Progress] 92% sealing asset processing SourceMapDevToolPlugin runtime~main.700f640f.iframe.bundle.js generated SourceMap
<s> [webpack.Progress] 92% sealing asset processing SourceMapDevToolPlugin static/css/base-Button-stories.a3fc6554.chunk.css generate SourceMap
<s> [webpack.Progress] 92% sealing asset processing SourceMapDevToolPlugin static/css/base-Button-stories.a3fc6554.chunk.css generated SourceMap
<s> [webpack.Progress] 92% sealing asset processing SourceMapDevToolPlugin base-Button-stories.13ba430b.iframe.bundle.js generate SourceMap
<s> [webpack.Progress] 92% sealing asset processing SourceMapDevToolPlugin base-Button-stories.13ba430b.iframe.bundle.js generated SourceMap
<s> [webpack.Progress] 92% sealing asset processing SourceMapDevToolPlugin base-Checkbox-stories.f3422f81.iframe.bundle.js generate SourceMap
<s> [webpack.Progress] 92% sealing asset processing SourceMapDevToolPlugin base-Checkbox-stories.f3422f81.iframe.bundle.js generated SourceMap
<s> [webpack.Progress] 92% sealing asset processing SourceMapDevToolPlugin static/css/base-Chips-stories.a3fc6554.chunk.css generate SourceMap
<s> [webpack.Progress] 92% sealing asset processing SourceMapDevToolPlugin static/css/base-Chips-stories.a3fc6554.chunk.css generated SourceMap
<s> [webpack.Progress] 92% sealing asset processing SourceMapDevToolPlugin base-Chips-stories.306edf83.iframe.bundle.js generate SourceMap
<s> [webpack.Progress] 92% sealing asset processing SourceMapDevToolPlugin base-Chips-stories.306edf83.iframe.bundle.js generated SourceMap
<s> [webpack.Progress] 92% sealing asset processing SourceMapDevToolPlugin static/css/base-CircleProgress-stories.eeea0869.chunk.css generate SourceMap
<s> [webpack.Progress] 92% sealing asset processing SourceMapDevToolPlugin static/css/base-CircleProgress-stories.eeea0869.chunk.css generated SourceMap
<s> [webpack.Progress] 92% sealing asset processing SourceMapDevToolPlugin base-CircleProgress-stories.85b98998.iframe.bundle.js generate SourceMap
<s> [webpack.Progress] 92% sealing asset processing SourceMapDevToolPlugin base-CircleProgress-stories.85b98998.iframe.bundle.js generated SourceMap
<s> [webpack.Progress] 92% sealing asset processing SourceMapDevToolPlugin static/css/base-CropCondition-stories.a3fc6554.chunk.css generate SourceMap
<s> [webpack.Progress] 92% sealing asset processing SourceMapDevToolPlugin static/css/base-CropCondition-stories.a3fc6554.chunk.css generated SourceMap
<s> [webpack.Progress] 92% sealing asset processing SourceMapDevToolPlugin base-CropCondition-stories.b1a4ce9f.iframe.bundle.js generate SourceMap
<s> [webpack.Progress] 92% sealing asset processing SourceMapDevToolPlugin base-CropCondition-stories.b1a4ce9f.iframe.bundle.js generated SourceMap
<s> [webpack.Progress] 92% sealing asset processing SourceMapDevToolPlugin base-CurrentDate-stories.3066ce5d.iframe.bundle.js generate SourceMap
<s> [webpack.Progress] 92% sealing asset processing SourceMapDevToolPlugin base-CurrentDate-stories.3066ce5d.iframe.bundle.js generated SourceMap
<s> [webpack.Progress] 92% sealing asset processing SourceMapDevToolPlugin static/css/base-DailyWeather-stories.a3fc6554.chunk.css generate SourceMap
<s> [webpack.Progress] 92% sealing asset processing SourceMapDevToolPlugin static/css/base-DailyWeather-stories.a3fc6554.chunk.css generated SourceMap
<s> [webpack.Progress] 92% sealing asset processing SourceMapDevToolPlugin base-DailyWeather-stories.cd07b268.iframe.bundle.js generate SourceMap
<s> [webpack.Progress] 92% sealing asset processing SourceMapDevToolPlugin base-DailyWeather-stories.cd07b268.iframe.bundle.js generated SourceMap
<s> [webpack.Progress] 92% sealing asset processing SourceMapDevToolPlugin static/css/base-FormikTextAreaField-stories.a3fc6554.chunk.css generate SourceMap
<s> [webpack.Progress] 92% sealing asset processing SourceMapDevToolPlugin static/css/base-FormikTextAreaField-stories.a3fc6554.chunk.css generated SourceMap
<s> [webpack.Progress] 92% sealing asset processing SourceMapDevToolPlugin base-FormikTextAreaField-stories.8dd25344.iframe.bundle.js generate SourceMap
<s> [webpack.Progress] 92% sealing asset processing SourceMapDevToolPlugin base-FormikTextAreaField-stories.8dd25344.iframe.bundle.js generated SourceMap
<s> [webpack.Progress] 92% sealing asset processing SourceMapDevToolPlugin static/css/base-FormikTextField-stories.a3fc6554.chunk.css generate SourceMap
<s> [webpack.Progress] 92% sealing asset processing SourceMapDevToolPlugin static/css/base-FormikTextField-stories.a3fc6554.chunk.css generated SourceMap
<s> [webpack.Progress] 92% sealing asset processing SourceMapDevToolPlugin base-FormikTextField-stories.418005b5.iframe.bundle.js generate SourceMap
<s> [webpack.Progress] 92% sealing asset processing SourceMapDevToolPlugin base-FormikTextField-stories.418005b5.iframe.bundle.js generated SourceMap
<s> [webpack.Progress] 92% sealing asset processing SourceMapDevToolPlugin static/css/base-Graph-stories.a3fc6554.chunk.css generate SourceMap
<s> [webpack.Progress] 92% sealing asset processing SourceMapDevToolPlugin static/css/base-Graph-stories.a3fc6554.chunk.css generated SourceMap
<s> [webpack.Progress] 92% sealing asset processing SourceMapDevToolPlugin base-Graph-stories.ce18f31a.iframe.bundle.js generate SourceMap
<s> [webpack.Progress] 92% sealing asset processing SourceMapDevToolPlugin base-Graph-stories.ce18f31a.iframe.bundle.js generated SourceMap
<s> [webpack.Progress] 92% sealing asset processing SourceMapDevToolPlugin static/css/base-MemberCard-stories.a3fc6554.chunk.css generate SourceMap
<s> [webpack.Progress] 92% sealing asset processing SourceMapDevToolPlugin static/css/base-MemberCard-stories.a3fc6554.chunk.css generated SourceMap
<s> [webpack.Progress] 92% sealing asset processing SourceMapDevToolPlugin base-MemberCard-stories.9a6813e0.iframe.bundle.js generate SourceMap
<s> [webpack.Progress] 92% sealing asset processing SourceMapDevToolPlugin base-MemberCard-stories.9a6813e0.iframe.bundle.js generated SourceMap
<s> [webpack.Progress] 92% sealing asset processing SourceMapDevToolPlugin static/css/base-Modal-stories.a3fc6554.chunk.css generate SourceMap
<s> [webpack.Progress] 92% sealing asset processing SourceMapDevToolPlugin static/css/base-Modal-stories.a3fc6554.chunk.css generated SourceMap
<s> [webpack.Progress] 92% sealing asset processing SourceMapDevToolPlugin base-Modal-stories.2129ac4b.iframe.bundle.js generate SourceMap
<s> [webpack.Progress] 92% sealing asset processing SourceMapDevToolPlugin base-Modal-stories.2129ac4b.iframe.bundle.js generated SourceMap
<s> [webpack.Progress] 92% sealing asset processing SourceMapDevToolPlugin static/css/base-SVG-stories.a3fc6554.chunk.css generate SourceMap
<s> [webpack.Progress] 92% sealing asset processing SourceMapDevToolPlugin static/css/base-SVG-stories.a3fc6554.chunk.css generated SourceMap
<s> [webpack.Progress] 92% sealing asset processing SourceMapDevToolPlugin base-SVG-stories.643cd00e.iframe.bundle.js generate SourceMap
<s> [webpack.Progress] 92% sealing asset processing SourceMapDevToolPlugin base-SVG-stories.643cd00e.iframe.bundle.js generated SourceMap
<s> [webpack.Progress] 92% sealing asset processing SourceMapDevToolPlugin static/css/base-Search-stories.a3fc6554.chunk.css generate SourceMap
<s> [webpack.Progress] 92% sealing asset processing SourceMapDevToolPlugin static/css/base-Search-stories.a3fc6554.chunk.css generated SourceMap
<s> [webpack.Progress] 92% sealing asset processing SourceMapDevToolPlugin base-Search-stories.b4cfdcf3.iframe.bundle.js generate SourceMap
<s> [webpack.Progress] 92% sealing asset processing SourceMapDevToolPlugin base-Search-stories.b4cfdcf3.iframe.bundle.js generated SourceMap
<s> [webpack.Progress] 92% sealing asset processing SourceMapDevToolPlugin static/css/base-SearchResult-stories.a3fc6554.chunk.css generate SourceMap
<s> [webpack.Progress] 92% sealing asset processing SourceMapDevToolPlugin static/css/base-SearchResult-stories.a3fc6554.chunk.css generated SourceMap
<s> [webpack.Progress] 92% sealing asset processing SourceMapDevToolPlugin base-SearchResult-stories.3d27e2be.iframe.bundle.js generate SourceMap
<s> [webpack.Progress] 92% sealing asset processing SourceMapDevToolPlugin base-SearchResult-stories.3d27e2be.iframe.bundle.js generated SourceMap
<s> [webpack.Progress] 92% sealing asset processing SourceMapDevToolPlugin static/css/base-Switch-stories.a3fc6554.chunk.css generate SourceMap
<s> [webpack.Progress] 92% sealing asset processing SourceMapDevToolPlugin static/css/base-Switch-stories.a3fc6554.chunk.css generated SourceMap
<s> [webpack.Progress] 92% sealing asset processing SourceMapDevToolPlugin base-Switch-stories.28b80fcf.iframe.bundle.js generate SourceMap
<s> [webpack.Progress] 92% sealing asset processing SourceMapDevToolPlugin base-Switch-stories.28b80fcf.iframe.bundle.js generated SourceMap
<s> [webpack.Progress] 92% sealing asset processing SourceMapDevToolPlugin static/css/base-TextAreaField-stories.a3fc6554.chunk.css generate SourceMap
<s> [webpack.Progress] 92% sealing asset processing SourceMapDevToolPlugin static/css/base-TextAreaField-stories.a3fc6554.chunk.css generated SourceMap
<s> [webpack.Progress] 92% sealing asset processing SourceMapDevToolPlugin base-TextAreaField-stories.3b43e8bc.iframe.bundle.js generate SourceMap
<s> [webpack.Progress] 92% sealing asset processing SourceMapDevToolPlugin base-TextAreaField-stories.3b43e8bc.iframe.bundle.js generated SourceMap
<s> [webpack.Progress] 92% sealing asset processing SourceMapDevToolPlugin static/css/base-TextField-stories.a3fc6554.chunk.css generate SourceMap
<s> [webpack.Progress] 92% sealing asset processing SourceMapDevToolPlugin static/css/base-TextField-stories.a3fc6554.chunk.css generated SourceMap
<s> [webpack.Progress] 92% sealing asset processing SourceMapDevToolPlugin base-TextField-stories.32790672.iframe.bundle.js generate SourceMap
<s> [webpack.Progress] 92% sealing asset processing SourceMapDevToolPlugin base-TextField-stories.32790672.iframe.bundle.js generated SourceMap
<s> [webpack.Progress] 92% sealing asset processing SourceMapDevToolPlugin static/css/base-Typography-stories.a3fc6554.chunk.css generate SourceMap
<s> [webpack.Progress] 92% sealing asset processing SourceMapDevToolPlugin static/css/base-Typography-stories.a3fc6554.chunk.css generated SourceMap
<s> [webpack.Progress] 92% sealing asset processing SourceMapDevToolPlugin base-Typography-stories.16b569e1.iframe.bundle.js generate SourceMap
<s> [webpack.Progress] 92% sealing asset processing SourceMapDevToolPlugin base-Typography-stories.16b569e1.iframe.bundle.js generated SourceMap
<s> [webpack.Progress] 92% sealing asset processing SourceMapDevToolPlugin static/css/base-UserAvatar-stories.a3fc6554.chunk.css generate SourceMap
<s> [webpack.Progress] 92% sealing asset processing SourceMapDevToolPlugin static/css/base-UserAvatar-stories.a3fc6554.chunk.css generated SourceMap
<s> [webpack.Progress] 92% sealing asset processing SourceMapDevToolPlugin base-UserAvatar-stories.3f32edb9.iframe.bundle.js generate SourceMap
<s> [webpack.Progress] 92% sealing asset processing SourceMapDevToolPlugin base-UserAvatar-stories.3f32edb9.iframe.bundle.js generated SourceMap
<s> [webpack.Progress] 92% sealing asset processing SourceMapDevToolPlugin static/css/base-WeatherCard-stories.a3fc6554.chunk.css generate SourceMap
<s> [webpack.Progress] 92% sealing asset processing SourceMapDevToolPlugin static/css/base-WeatherCard-stories.a3fc6554.chunk.css generated SourceMap
<s> [webpack.Progress] 92% sealing asset processing SourceMapDevToolPlugin base-WeatherCard-stories.181cf4ea.iframe.bundle.js generate SourceMap
<s> [webpack.Progress] 92% sealing asset processing SourceMapDevToolPlugin base-WeatherCard-stories.181cf4ea.iframe.bundle.js generated SourceMap
<s> [webpack.Progress] 92% sealing asset processing SourceMapDevToolPlugin static/css/module-WeeklyWeather-stories.a3fc6554.chunk.css generate SourceMap
<s> [webpack.Progress] 92% sealing asset processing SourceMapDevToolPlugin static/css/module-WeeklyWeather-stories.a3fc6554.chunk.css generated SourceMap
<s> [webpack.Progress] 92% sealing asset processing SourceMapDevToolPlugin module-WeeklyWeather-stories.8b9cb41b.iframe.bundle.js generate SourceMap
<s> [webpack.Progress] 92% sealing asset processing SourceMapDevToolPlugin module-WeeklyWeather-stories.8b9cb41b.iframe.bundle.js generated SourceMap
<s> [webpack.Progress] 92% sealing asset processing SourceMapDevToolPlugin 461.264e32ff.iframe.bundle.js generate SourceMap
<s> [webpack.Progress] 92% sealing asset processing SourceMapDevToolPlugin 461.264e32ff.iframe.bundle.js generated SourceMap
<s> [webpack.Progress] 92% sealing asset processing SourceMapDevToolPlugin 341.790773d1.iframe.bundle.js generate SourceMap
<s> [webpack.Progress] 92% sealing asset processing SourceMapDevToolPlugin 341.790773d1.iframe.bundle.js generated SourceMap
<s> [webpack.Progress] 92% sealing asset processing SourceMapDevToolPlugin 729.55bf2c28.iframe.bundle.js generate SourceMap
<s> [webpack.Progress] 92% sealing asset processing SourceMapDevToolPlugin 729.55bf2c28.iframe.bundle.js generated SourceMap
<s> [webpack.Progress] 92% sealing asset processing SourceMapDevToolPlugin 744.80c7244e.iframe.bundle.js generate SourceMap
<s> [webpack.Progress] 92% sealing asset processing SourceMapDevToolPlugin 744.80c7244e.iframe.bundle.js generated SourceMap
<s> [webpack.Progress] 92% sealing asset processing SourceMapDevToolPlugin 77.e15703ea.iframe.bundle.js generate SourceMap
<s> [webpack.Progress] 92% sealing asset processing SourceMapDevToolPlugin 77.e15703ea.iframe.bundle.js generated SourceMap
<s> [webpack.Progress] 92% sealing asset processing SourceMapDevToolPlugin 238.1b28f2ef.iframe.bundle.js generate SourceMap
<s> [webpack.Progress] 92% sealing asset processing SourceMapDevToolPlugin 238.1b28f2ef.iframe.bundle.js generated SourceMap
<s> [webpack.Progress] 92% sealing asset processing SourceMapDevToolPlugin 171.12874ea4.iframe.bundle.js generate SourceMap
<s> [webpack.Progress] 92% sealing asset processing SourceMapDevToolPlugin 171.12874ea4.iframe.bundle.js generated SourceMap
<s> [webpack.Progress] 92% sealing asset processing SourceMapDevToolPlugin 253.648df524.iframe.bundle.js generate SourceMap
<s> [webpack.Progress] 92% sealing asset processing SourceMapDevToolPlugin 253.648df524.iframe.bundle.js generated SourceMap
<s> [webpack.Progress] 92% sealing asset processing SourceMapDevToolPlugin 699.3eca0c0d.iframe.bundle.js generate SourceMap
<s> [webpack.Progress] 92% sealing asset processing SourceMapDevToolPlugin 699.3eca0c0d.iframe.bundle.js generated SourceMap
<s> [webpack.Progress] 92% sealing asset processing SourceMapDevToolPlugin 693.05513326.iframe.bundle.js generate SourceMap
<s> [webpack.Progress] 92% sealing asset processing SourceMapDevToolPlugin 693.05513326.iframe.bundle.js generated SourceMap
<s> [webpack.Progress] 92% sealing asset processing SourceMapDevToolPlugin 213.7825a8ae.iframe.bundle.js generate SourceMap
<s> [webpack.Progress] 92% sealing asset processing SourceMapDevToolPlugin 213.7825a8ae.iframe.bundle.js generated SourceMap
<s> [webpack.Progress] 92% sealing asset processing SourceMapDevToolPlugin 983.eaa49077.iframe.bundle.js generate SourceMap
<s> [webpack.Progress] 92% sealing asset processing SourceMapDevToolPlugin 983.eaa49077.iframe.bundle.js generated SourceMap
<s> [webpack.Progress] 92% sealing asset processing SourceMapDevToolPlugin 355.d65cc089.iframe.bundle.js generate SourceMap
<s> [webpack.Progress] 92% sealing asset processing SourceMapDevToolPlugin 355.d65cc089.iframe.bundle.js generated SourceMap
<s> [webpack.Progress] 92% sealing asset processing SourceMapDevToolPlugin 622.cfa9a69d.iframe.bundle.js generate SourceMap
<s> [webpack.Progress] 92% sealing asset processing SourceMapDevToolPlugin 622.cfa9a69d.iframe.bundle.js generated SourceMap
<s> [webpack.Progress] 92% sealing asset processing SourceMapDevToolPlugin 613.af895b75.iframe.bundle.js generate SourceMap
<s> [webpack.Progress] 92% sealing asset processing SourceMapDevToolPlugin 613.af895b75.iframe.bundle.js generated SourceMap
<s> [webpack.Progress] 92% sealing asset processing SourceMapDevToolPlugin 639.288b23c6.iframe.bundle.js generate SourceMap
<s> [webpack.Progress] 92% sealing asset processing SourceMapDevToolPlugin 639.288b23c6.iframe.bundle.js generated SourceMap
<s> [webpack.Progress] 92% sealing asset processing SourceMapDevToolPlugin 966.97944b28.iframe.bundle.js generate SourceMap
<s> [webpack.Progress] 92% sealing asset processing SourceMapDevToolPlugin 966.97944b28.iframe.bundle.js generated SourceMap
<s> [webpack.Progress] 92% sealing asset processing SourceMapDevToolPlugin 652.9bfd8c11.iframe.bundle.js generate SourceMap
<s> [webpack.Progress] 92% sealing asset processing SourceMapDevToolPlugin 652.9bfd8c11.iframe.bundle.js generated SourceMap
<s> [webpack.Progress] 92% sealing asset processing SourceMapDevToolPlugin 434.5938f37b.iframe.bundle.js generate SourceMap
<s> [webpack.Progress] 92% sealing asset processing SourceMapDevToolPlugin 434.5938f37b.iframe.bundle.js generated SourceMap
<s> [webpack.Progress] 92% sealing asset processing SourceMapDevToolPlugin 862.eea94c5e.iframe.bundle.js generate SourceMap
<s> [webpack.Progress] 92% sealing asset processing SourceMapDevToolPlugin 862.eea94c5e.iframe.bundle.js generated SourceMap
<s> [webpack.Progress] 92% sealing asset processing SourceMapDevToolPlugin 932.08d8820e.iframe.bundle.js generate SourceMap
<s> [webpack.Progress] 92% sealing asset processing SourceMapDevToolPlugin 932.08d8820e.iframe.bundle.js generated SourceMap
<s> [webpack.Progress] 92% sealing asset processing SourceMapDevToolPlugin 865.f401bd9a.iframe.bundle.js generate SourceMap
<s> [webpack.Progress] 92% sealing asset processing SourceMapDevToolPlugin 865.f401bd9a.iframe.bundle.js generated SourceMap
<s> [webpack.Progress] 92% sealing asset processing SourceMapDevToolPlugin 342.8c24d62d.iframe.bundle.js generate SourceMap
<s> [webpack.Progress] 92% sealing asset processing SourceMapDevToolPlugin 342.8c24d62d.iframe.bundle.js generated SourceMap
<s> [webpack.Progress] 92% sealing asset processing SourceMapDevToolPlugin 468.092b7b01.iframe.bundle.js generate SourceMap
<s> [webpack.Progress] 92% sealing asset processing SourceMapDevToolPlugin 468.092b7b01.iframe.bundle.js generated SourceMap
<s> [webpack.Progress] 92% sealing asset processing SourceMapDevToolPlugin 868.baff0808.iframe.bundle.js generate SourceMap
<s> [webpack.Progress] 92% sealing asset processing SourceMapDevToolPlugin 868.baff0808.iframe.bundle.js generated SourceMap
<s> [webpack.Progress] 92% sealing asset processing SourceMapDevToolPlugin 207.b149c3ad.iframe.bundle.js generate SourceMap
<s> [webpack.Progress] 92% sealing asset processing SourceMapDevToolPlugin 207.b149c3ad.iframe.bundle.js generated SourceMap
<s> [webpack.Progress] 92% sealing asset processing SourceMapDevToolPlugin resolve sources
<s> [webpack.Progress] 92% sealing asset processing SourceMapDevToolPlugin static/css/base-Button-stories.a3fc6554.chunk.css attach SourceMap
<s> [webpack.Progress] 92% sealing asset processing SourceMapDevToolPlugin static/css/base-Button-stories.a3fc6554.chunk.css attached SourceMap
<s> [webpack.Progress] 92% sealing asset processing SourceMapDevToolPlugin base-Button-stories.13ba430b.iframe.bundle.js attach SourceMap
<s> [webpack.Progress] 92% sealing asset processing SourceMapDevToolPlugin base-Button-stories.13ba430b.iframe.bundle.js attached SourceMap
<s> [webpack.Progress] 92% sealing asset processing SourceMapDevToolPlugin base-Checkbox-stories.f3422f81.iframe.bundle.js attach SourceMap
<s> [webpack.Progress] 92% sealing asset processing SourceMapDevToolPlugin base-Checkbox-stories.f3422f81.iframe.bundle.js attached SourceMap
<s> [webpack.Progress] 92% sealing asset processing SourceMapDevToolPlugin static/css/base-Chips-stories.a3fc6554.chunk.css attach SourceMap
<s> [webpack.Progress] 92% sealing asset processing SourceMapDevToolPlugin static/css/base-Chips-stories.a3fc6554.chunk.css attached SourceMap
<s> [webpack.Progress] 92% sealing asset processing SourceMapDevToolPlugin base-Chips-stories.306edf83.iframe.bundle.js attach SourceMap
<s> [webpack.Progress] 92% sealing asset processing SourceMapDevToolPlugin base-Chips-stories.306edf83.iframe.bundle.js attached SourceMap
<s> [webpack.Progress] 92% sealing asset processing SourceMapDevToolPlugin static/css/base-CircleProgress-stories.eeea0869.chunk.css attach SourceMap
<s> [webpack.Progress] 92% sealing asset processing SourceMapDevToolPlugin static/css/base-CircleProgress-stories.eeea0869.chunk.css attached SourceMap
<s> [webpack.Progress] 92% sealing asset processing SourceMapDevToolPlugin base-CircleProgress-stories.85b98998.iframe.bundle.js attach SourceMap
<s> [webpack.Progress] 92% sealing asset processing SourceMapDevToolPlugin base-CircleProgress-stories.85b98998.iframe.bundle.js attached SourceMap
<s> [webpack.Progress] 92% sealing asset processing SourceMapDevToolPlugin static/css/base-CropCondition-stories.a3fc6554.chunk.css attach SourceMap
<s> [webpack.Progress] 92% sealing asset processing SourceMapDevToolPlugin static/css/base-CropCondition-stories.a3fc6554.chunk.css attached SourceMap
<s> [webpack.Progress] 92% sealing asset processing SourceMapDevToolPlugin base-CropCondition-stories.b1a4ce9f.iframe.bundle.js attach SourceMap
<s> [webpack.Progress] 92% sealing asset processing SourceMapDevToolPlugin base-CropCondition-stories.b1a4ce9f.iframe.bundle.js attached SourceMap
<s> [webpack.Progress] 92% sealing asset processing SourceMapDevToolPlugin static/css/base-DailyWeather-stories.a3fc6554.chunk.css attach SourceMap
<s> [webpack.Progress] 92% sealing asset processing SourceMapDevToolPlugin static/css/base-DailyWeather-stories.a3fc6554.chunk.css attached SourceMap
<s> [webpack.Progress] 92% sealing asset processing SourceMapDevToolPlugin base-DailyWeather-stories.cd07b268.iframe.bundle.js attach SourceMap
<s> [webpack.Progress] 92% sealing asset processing SourceMapDevToolPlugin base-DailyWeather-stories.cd07b268.iframe.bundle.js attached SourceMap
<s> [webpack.Progress] 92% sealing asset processing SourceMapDevToolPlugin static/css/base-FormikTextAreaField-stories.a3fc6554.chunk.css attach SourceMap
<s> [webpack.Progress] 92% sealing asset processing SourceMapDevToolPlugin static/css/base-FormikTextAreaField-stories.a3fc6554.chunk.css attached SourceMap
<s> [webpack.Progress] 92% sealing asset processing SourceMapDevToolPlugin base-FormikTextAreaField-stories.8dd25344.iframe.bundle.js attach SourceMap
<s> [webpack.Progress] 92% sealing asset processing SourceMapDevToolPlugin base-FormikTextAreaField-stories.8dd25344.iframe.bundle.js attached SourceMap
<s> [webpack.Progress] 92% sealing asset processing SourceMapDevToolPlugin static/css/base-FormikTextField-stories.a3fc6554.chunk.css attach SourceMap
<s> [webpack.Progress] 92% sealing asset processing SourceMapDevToolPlugin static/css/base-FormikTextField-stories.a3fc6554.chunk.css attached SourceMap
<s> [webpack.Progress] 92% sealing asset processing SourceMapDevToolPlugin base-FormikTextField-stories.418005b5.iframe.bundle.js attach SourceMap
<s> [webpack.Progress] 92% sealing asset processing SourceMapDevToolPlugin base-FormikTextField-stories.418005b5.iframe.bundle.js attached SourceMap
<s> [webpack.Progress] 92% sealing asset processing SourceMapDevToolPlugin static/css/base-Graph-stories.a3fc6554.chunk.css attach SourceMap
<s> [webpack.Progress] 92% sealing asset processing SourceMapDevToolPlugin static/css/base-Graph-stories.a3fc6554.chunk.css attached SourceMap
<s> [webpack.Progress] 92% sealing asset processing SourceMapDevToolPlugin base-Graph-stories.ce18f31a.iframe.bundle.js attach SourceMap
<s> [webpack.Progress] 92% sealing asset processing SourceMapDevToolPlugin base-Graph-stories.ce18f31a.iframe.bundle.js attached SourceMap
<s> [webpack.Progress] 92% sealing asset processing SourceMapDevToolPlugin static/css/base-MemberCard-stories.a3fc6554.chunk.css attach SourceMap
<s> [webpack.Progress] 92% sealing asset processing SourceMapDevToolPlugin static/css/base-MemberCard-stories.a3fc6554.chunk.css attached SourceMap
<s> [webpack.Progress] 92% sealing asset processing SourceMapDevToolPlugin base-MemberCard-stories.9a6813e0.iframe.bundle.js attach SourceMap
<s> [webpack.Progress] 92% sealing asset processing SourceMapDevToolPlugin base-MemberCard-stories.9a6813e0.iframe.bundle.js attached SourceMap
<s> [webpack.Progress] 92% sealing asset processing SourceMapDevToolPlugin static/css/base-Modal-stories.a3fc6554.chunk.css attach SourceMap
<s> [webpack.Progress] 92% sealing asset processing SourceMapDevToolPlugin static/css/base-Modal-stories.a3fc6554.chunk.css attached SourceMap
<s> [webpack.Progress] 92% sealing asset processing SourceMapDevToolPlugin base-Modal-stories.2129ac4b.iframe.bundle.js attach SourceMap
<s> [webpack.Progress] 92% sealing asset processing SourceMapDevToolPlugin base-Modal-stories.2129ac4b.iframe.bundle.js attached SourceMap
<s> [webpack.Progress] 92% sealing asset processing SourceMapDevToolPlugin static/css/base-SVG-stories.a3fc6554.chunk.css attach SourceMap
<s> [webpack.Progress] 92% sealing asset processing SourceMapDevToolPlugin static/css/base-SVG-stories.a3fc6554.chunk.css attached SourceMap
<s> [webpack.Progress] 92% sealing asset processing SourceMapDevToolPlugin static/css/base-Search-stories.a3fc6554.chunk.css attach SourceMap
<s> [webpack.Progress] 92% sealing asset processing SourceMapDevToolPlugin static/css/base-Search-stories.a3fc6554.chunk.css attached SourceMap
<s> [webpack.Progress] 92% sealing asset processing SourceMapDevToolPlugin base-Search-stories.b4cfdcf3.iframe.bundle.js attach SourceMap
<s> [webpack.Progress] 92% sealing asset processing SourceMapDevToolPlugin base-Search-stories.b4cfdcf3.iframe.bundle.js attached SourceMap
<s> [webpack.Progress] 92% sealing asset processing SourceMapDevToolPlugin static/css/base-SearchResult-stories.a3fc6554.chunk.css attach SourceMap
<s> [webpack.Progress] 92% sealing asset processing SourceMapDevToolPlugin static/css/base-SearchResult-stories.a3fc6554.chunk.css attached SourceMap
<s> [webpack.Progress] 92% sealing asset processing SourceMapDevToolPlugin base-SearchResult-stories.3d27e2be.iframe.bundle.js attach SourceMap
<s> [webpack.Progress] 92% sealing asset processing SourceMapDevToolPlugin base-SearchResult-stories.3d27e2be.iframe.bundle.js attached SourceMap
<s> [webpack.Progress] 92% sealing asset processing SourceMapDevToolPlugin static/css/base-Switch-stories.a3fc6554.chunk.css attach SourceMap
<s> [webpack.Progress] 92% sealing asset processing SourceMapDevToolPlugin static/css/base-Switch-stories.a3fc6554.chunk.css attached SourceMap
<s> [webpack.Progress] 92% sealing asset processing SourceMapDevToolPlugin base-Switch-stories.28b80fcf.iframe.bundle.js attach SourceMap
<s> [webpack.Progress] 92% sealing asset processing SourceMapDevToolPlugin base-Switch-stories.28b80fcf.iframe.bundle.js attached SourceMap
<s> [webpack.Progress] 92% sealing asset processing SourceMapDevToolPlugin static/css/base-TextAreaField-stories.a3fc6554.chunk.css attach SourceMap
<s> [webpack.Progress] 92% sealing asset processing SourceMapDevToolPlugin static/css/base-TextAreaField-stories.a3fc6554.chunk.css attached SourceMap
<s> [webpack.Progress] 92% sealing asset processing SourceMapDevToolPlugin base-TextAreaField-stories.3b43e8bc.iframe.bundle.js attach SourceMap
<s> [webpack.Progress] 92% sealing asset processing SourceMapDevToolPlugin base-TextAreaField-stories.3b43e8bc.iframe.bundle.js attached SourceMap
<s> [webpack.Progress] 92% sealing asset processing SourceMapDevToolPlugin static/css/base-TextField-stories.a3fc6554.chunk.css attach SourceMap
<s> [webpack.Progress] 92% sealing asset processing SourceMapDevToolPlugin static/css/base-TextField-stories.a3fc6554.chunk.css attached SourceMap
<s> [webpack.Progress] 92% sealing asset processing SourceMapDevToolPlugin base-TextField-stories.32790672.iframe.bundle.js attach SourceMap
<s> [webpack.Progress] 92% sealing asset processing SourceMapDevToolPlugin base-TextField-stories.32790672.iframe.bundle.js attached SourceMap
<s> [webpack.Progress] 92% sealing asset processing SourceMapDevToolPlugin static/css/base-Typography-stories.a3fc6554.chunk.css attach SourceMap
<s> [webpack.Progress] 92% sealing asset processing SourceMapDevToolPlugin static/css/base-Typography-stories.a3fc6554.chunk.css attached SourceMap
<s> [webpack.Progress] 92% sealing asset processing SourceMapDevToolPlugin base-Typography-stories.16b569e1.iframe.bundle.js attach SourceMap
<s> [webpack.Progress] 92% sealing asset processing SourceMapDevToolPlugin base-Typography-stories.16b569e1.iframe.bundle.js attached SourceMap
<s> [webpack.Progress] 92% sealing asset processing SourceMapDevToolPlugin static/css/base-UserAvatar-stories.a3fc6554.chunk.css attach SourceMap
<s> [webpack.Progress] 92% sealing asset processing SourceMapDevToolPlugin static/css/base-UserAvatar-stories.a3fc6554.chunk.css attached SourceMap
<s> [webpack.Progress] 92% sealing asset processing SourceMapDevToolPlugin base-UserAvatar-stories.3f32edb9.iframe.bundle.js attach SourceMap
<s> [webpack.Progress] 92% sealing asset processing SourceMapDevToolPlugin base-UserAvatar-stories.3f32edb9.iframe.bundle.js attached SourceMap
<s> [webpack.Progress] 92% sealing asset processing SourceMapDevToolPlugin static/css/base-WeatherCard-stories.a3fc6554.chunk.css attach SourceMap
<s> [webpack.Progress] 92% sealing asset processing SourceMapDevToolPlugin static/css/base-WeatherCard-stories.a3fc6554.chunk.css attached SourceMap
<s> [webpack.Progress] 92% sealing asset processing SourceMapDevToolPlugin base-WeatherCard-stories.181cf4ea.iframe.bundle.js attach SourceMap
<s> [webpack.Progress] 92% sealing asset processing SourceMapDevToolPlugin base-WeatherCard-stories.181cf4ea.iframe.bundle.js attached SourceMap
<s> [webpack.Progress] 92% sealing asset processing SourceMapDevToolPlugin static/css/module-WeeklyWeather-stories.a3fc6554.chunk.css attach SourceMap
<s> [webpack.Progress] 92% sealing asset processing SourceMapDevToolPlugin static/css/module-WeeklyWeather-stories.a3fc6554.chunk.css attached SourceMap
<s> [webpack.Progress] 92% sealing asset processing SourceMapDevToolPlugin module-WeeklyWeather-stories.8b9cb41b.iframe.bundle.js attach SourceMap
<s> [webpack.Progress] 92% sealing asset processing SourceMapDevToolPlugin module-WeeklyWeather-stories.8b9cb41b.iframe.bundle.js attached SourceMap
<s> [webpack.Progress] 92% sealing asset processing SourceMapDevToolPlugin 461.264e32ff.iframe.bundle.js attach SourceMap
<s> [webpack.Progress] 92% sealing asset processing SourceMapDevToolPlugin 461.264e32ff.iframe.bundle.js attached SourceMap
<s> [webpack.Progress] 92% sealing asset processing SourceMapDevToolPlugin 77.e15703ea.iframe.bundle.js attach SourceMap
<s> [webpack.Progress] 92% sealing asset processing SourceMapDevToolPlugin 77.e15703ea.iframe.bundle.js attached SourceMap
<s> [webpack.Progress] 92% sealing asset processing SourceMapDevToolPlugin 342.8c24d62d.iframe.bundle.js attach SourceMap
<s> [webpack.Progress] 92% sealing asset processing SourceMapDevToolPlugin 342.8c24d62d.iframe.bundle.js attached SourceMap
<s> [webpack.Progress] 92% sealing asset processing SourceMapDevToolPlugin 207.b149c3ad.iframe.bundle.js attach SourceMap
<s> [webpack.Progress] 92% sealing asset processing SourceMapDevToolPlugin 207.b149c3ad.iframe.bundle.js attached SourceMap
<s> [webpack.Progress] 92% sealing asset processing SourceMapDevToolPlugin
<s> [webpack.Progress] 92% sealing asset processing SourceMapDevToolPlugin
<s> [webpack.Progress] 92% sealing asset processing SourceMapDevToolPlugin resolve sources
<s> [webpack.Progress] 92% sealing asset processing SourceMapDevToolPlugin
<s> [webpack.Progress] 92% sealing asset processing HtmlWebpackPlugin
<s> [webpack.Progress] 92% sealing asset processing HtmlWebpackPlugin
<s> [webpack.Progress] 92% sealing asset processing HtmlWebpackPlugin resolve sources
<s> [webpack.Progress] 92% sealing asset processing HtmlWebpackPlugin
<s> [webpack.Progress] 92% sealing asset processing RealContentHashPlugin
<s> [webpack.Progress] 92% sealing asset processing RealContentHashPlugin
<s> [webpack.Progress] 92% sealing asset processing RealContentHashPlugin main.31eb259f.iframe.bundle.js generate SourceMap
<s> [webpack.Progress] 92% sealing asset processing RealContentHashPlugin main.31eb259f.iframe.bundle.js generated SourceMap
<s> [webpack.Progress] 92% sealing asset processing RealContentHashPlugin runtime~main.d6a34dfa.iframe.bundle.js generate SourceMap
<s> [webpack.Progress] 92% sealing asset processing RealContentHashPlugin runtime~main.d6a34dfa.iframe.bundle.js generated SourceMap
<s> [webpack.Progress] 92% sealing asset processing RealContentHashPlugin base-CurrentDate-stories.d9b5b391.iframe.bundle.js generate SourceMap
<s> [webpack.Progress] 92% sealing asset processing RealContentHashPlugin base-CurrentDate-stories.d9b5b391.iframe.bundle.js generated SourceMap
<s> [webpack.Progress] 92% sealing asset processing RealContentHashPlugin base-SVG-stories.92623fde.iframe.bundle.js generate SourceMap
<s> [webpack.Progress] 92% sealing asset processing RealContentHashPlugin base-SVG-stories.92623fde.iframe.bundle.js generated SourceMap
<s> [webpack.Progress] 92% sealing asset processing RealContentHashPlugin 341.6a0009d0.iframe.bundle.js generate SourceMap
<s> [webpack.Progress] 92% sealing asset processing RealContentHashPlugin 341.6a0009d0.iframe.bundle.js generated SourceMap
<s> [webpack.Progress] 92% sealing asset processing RealContentHashPlugin 729.04f8ae2f.iframe.bundle.js generate SourceMap
<s> [webpack.Progress] 92% sealing asset processing RealContentHashPlugin 729.04f8ae2f.iframe.bundle.js generated SourceMap
<s> [webpack.Progress] 92% sealing asset processing RealContentHashPlugin 744.6cdaa486.iframe.bundle.js generate SourceMap
<s> [webpack.Progress] 92% sealing asset processing RealContentHashPlugin 744.6cdaa486.iframe.bundle.js generated SourceMap
<s> [webpack.Progress] 92% sealing asset processing RealContentHashPlugin 238.dc84ae29.iframe.bundle.js generate SourceMap
<s> [webpack.Progress] 92% sealing asset processing RealContentHashPlugin 238.dc84ae29.iframe.bundle.js generated SourceMap
<s> [webpack.Progress] 92% sealing asset processing RealContentHashPlugin 171.e2085406.iframe.bundle.js generate SourceMap
<s> [webpack.Progress] 92% sealing asset processing RealContentHashPlugin 171.e2085406.iframe.bundle.js generated SourceMap
<s> [webpack.Progress] 92% sealing asset processing RealContentHashPlugin 253.524cc8f5.iframe.bundle.js generate SourceMap
<s> [webpack.Progress] 92% sealing asset processing RealContentHashPlugin 253.524cc8f5.iframe.bundle.js generated SourceMap
<s> [webpack.Progress] 92% sealing asset processing RealContentHashPlugin 699.478548fb.iframe.bundle.js generate SourceMap
<s> [webpack.Progress] 92% sealing asset processing RealContentHashPlugin 699.478548fb.iframe.bundle.js generated SourceMap
<s> [webpack.Progress] 92% sealing asset processing RealContentHashPlugin 693.9adf0fb5.iframe.bundle.js generate SourceMap
<s> [webpack.Progress] 92% sealing asset processing RealContentHashPlugin 693.9adf0fb5.iframe.bundle.js generated SourceMap
<s> [webpack.Progress] 92% sealing asset processing RealContentHashPlugin 213.2e130eb9.iframe.bundle.js generate SourceMap
<s> [webpack.Progress] 92% sealing asset processing RealContentHashPlugin 213.2e130eb9.iframe.bundle.js generated SourceMap
<s> [webpack.Progress] 92% sealing asset processing RealContentHashPlugin 983.48de8cee.iframe.bundle.js generate SourceMap
<s> [webpack.Progress] 92% sealing asset processing RealContentHashPlugin 983.48de8cee.iframe.bundle.js generated SourceMap
<s> [webpack.Progress] 92% sealing asset processing RealContentHashPlugin 355.22941c91.iframe.bundle.js generate SourceMap
<s> [webpack.Progress] 92% sealing asset processing RealContentHashPlugin 355.22941c91.iframe.bundle.js generated SourceMap
<s> [webpack.Progress] 92% sealing asset processing RealContentHashPlugin 622.26d96058.iframe.bundle.js generate SourceMap
<s> [webpack.Progress] 92% sealing asset processing RealContentHashPlugin 622.26d96058.iframe.bundle.js generated SourceMap
<s> [webpack.Progress] 92% sealing asset processing RealContentHashPlugin 613.4fb5516d.iframe.bundle.js generate SourceMap
<s> [webpack.Progress] 92% sealing asset processing RealContentHashPlugin 613.4fb5516d.iframe.bundle.js generated SourceMap
<s> [webpack.Progress] 92% sealing asset processing RealContentHashPlugin 639.cfd75f1a.iframe.bundle.js generate SourceMap
<s> [webpack.Progress] 92% sealing asset processing RealContentHashPlugin 639.cfd75f1a.iframe.bundle.js generated SourceMap
<s> [webpack.Progress] 92% sealing asset processing RealContentHashPlugin 966.9fe5aba5.iframe.bundle.js generate SourceMap
<s> [webpack.Progress] 92% sealing asset processing RealContentHashPlugin 966.9fe5aba5.iframe.bundle.js generated SourceMap
<s> [webpack.Progress] 92% sealing asset processing RealContentHashPlugin 652.f5e073fd.iframe.bundle.js generate SourceMap
<s> [webpack.Progress] 92% sealing asset processing RealContentHashPlugin 652.f5e073fd.iframe.bundle.js generated SourceMap
<s> [webpack.Progress] 92% sealing asset processing RealContentHashPlugin 434.7ceb1bf4.iframe.bundle.js generate SourceMap
<s> [webpack.Progress] 92% sealing asset processing RealContentHashPlugin 434.7ceb1bf4.iframe.bundle.js generated SourceMap
<s> [webpack.Progress] 92% sealing asset processing RealContentHashPlugin 862.33849128.iframe.bundle.js generate SourceMap
<s> [webpack.Progress] 92% sealing asset processing RealContentHashPlugin 862.33849128.iframe.bundle.js generated SourceMap
<s> [webpack.Progress] 92% sealing asset processing RealContentHashPlugin 932.ff500e95.iframe.bundle.js generate SourceMap
<s> [webpack.Progress] 92% sealing asset processing RealContentHashPlugin 932.ff500e95.iframe.bundle.js generated SourceMap
<s> [webpack.Progress] 92% sealing asset processing RealContentHashPlugin 868.cd1e03a3.iframe.bundle.js generate SourceMap
<s> [webpack.Progress] 92% sealing asset processing RealContentHashPlugin 868.cd1e03a3.iframe.bundle.js generated SourceMap
<s> [webpack.Progress] 92% sealing asset processing RealContentHashPlugin 865.9083a3c3.iframe.bundle.js generate SourceMap
<s> [webpack.Progress] 92% sealing asset processing RealContentHashPlugin 865.9083a3c3.iframe.bundle.js generated SourceMap
<s> [webpack.Progress] 92% sealing asset processing RealContentHashPlugin 468.2e3accb0.iframe.bundle.js generate SourceMap
<s> [webpack.Progress] 92% sealing asset processing RealContentHashPlugin 468.2e3accb0.iframe.bundle.js generated SourceMap
<s> [webpack.Progress] 92% sealing asset processing RealContentHashPlugin resolve sources
<s> [webpack.Progress] 92% sealing asset processing RealContentHashPlugin
<s> [webpack.Progress] 92% sealing asset processing
<s> [webpack.Progress] 93% sealing after asset optimization
<s> [webpack.Progress] 93% sealing after asset optimization
<s> [webpack.Progress] 93% sealing recording
<s> [webpack.Progress] 93% sealing recording
<s> [webpack.Progress] 94% sealing after seal
<s> [webpack.Progress] 94% sealing after seal
<s> [webpack.Progress] 95% emitting emit
<s> [webpack.Progress] 95% emitting emit
<s> [webpack.Progress] 98% emitting after emit
<s> [webpack.Progress] 98% emitting after emit SizeLimitsPlugin
<s> [webpack.Progress] 98% emitting after emit
<s> [webpack.Progress] 99% done plugins
<s> [webpack.Progress] 99% done plugins CaseSensitivePathsPlugin
<s> [webpack.Progress] 99% done plugins ForkTsCheckerWebpackPlugin
<s> [webpack.Progress] 99% done plugins
<s> [webpack.Progress] 99% 

<s> [webpack.Progress] 99% cache store build dependencies
<s> [webpack.Progress] 99% cache store build dependencies
<s> [webpack.Progress] 99% cache begin idle
<s> [webpack.Progress] 99% cache begin idle
<s> [webpack.Progress] 100% 

info => Preview built (2.92 min)
WARN DefinePlugin
WARN Conflicting values for 'process.env.NODE_ENV'
WARN [eslint] 
WARN src\components\base\Button\Button.style.ts
WARN   Line 40:7:  'disabled' is assigned a value but never used  @typescript-eslint/no-unused-vars
WARN 
WARN src\components\base\Button\Button.view.tsx
WARN   Line 9:3:  'LoadingContainer' is defined but never used  @typescript-eslint/no-unused-vars
WARN 
WARN src\components\base\Checkbox\Checkbox.style.ts
WARN   Line 2:10:  'theme' is defined but never used  @typescript-eslint/no-unused-vars
WARN 
WARN src\components\base\Chips\Chips.style.ts
WARN   Line 28:9:  'padding' is assigned a value but never used  @typescript-eslint/no-unused-vars
WARN 
WARN src\components\base\Chips\Chips.view.tsx
WARN   Line 3:25:  'Label' is defined but never used                @typescript-eslint/no-unused-vars
WARN   Line 3:32:  'DeleteIcon' is defined but never used           @typescript-eslint/no-unused-vars
WARN   Line 15:8:  'chipsProps' is assigned a value but never used  @typescript-eslint/no-unused-vars
WARN   Line 46:9:  'hasText' is assigned a value but never used     @typescript-eslint/no-unused-vars
WARN 
WARN src\components\base\CircleProgress\CircleProgress.style.ts
WARN   Line 2:10:  'theme' is defined but never used  @typescript-eslint/no-unused-vars
WARN 
WARN src\components\base\CurrentDate\CurrentDate.view.tsx
WARN   Line 3:10:  'Container' is defined but never used                                                                                         @typescript-eslint/no-unused-vars
WARN   Line 30:6:  React Hook useEffect has missing dependencies: 'daysOfWeek' and 'months'. Either include them or remove the dependency array  react-hooks/exhaustive-deps
WARN 
WARN src\components\base\FormikTextAreaField\FormikTextAreaField.view.tsx
WARN   Line 3:10:  'Container' is defined but never used  @typescript-eslint/no-unused-vars
WARN 
WARN src\components\base\FormikTextField\FormikTextField.view.tsx
WARN   Line 3:10:  'Container' is defined but never used  @typescript-eslint/no-unused-vars
WARN 
WARN src\components\base\Graph\Graph.style.ts
WARN   Line 2:10:  'theme' is defined but never used  @typescript-eslint/no-unused-vars
WARN 
WARN src\components\base\Graph\Graph.view.tsx
WARN   Line 55:6:  React Hook useEffect has a missing dependency: 'theme.brand.accent'. Either include it or remove the dependency array  react-hooks/exhaustive-deps
WARN 
WARN src\components\base\MemberCard\MemberCard.style.ts
WARN   Line 2:10:  'theme' is defined but never used  @typescript-eslint/no-unused-vars
WARN 
WARN src\components\base\SVG\Apple.tsx
WARN   Line 8:11:  'theme' is assigned a value but never used  @typescript-eslint/no-unused-vars
WARN   Line 9:28:  'fill' is assigned a value but never used   @typescript-eslint/no-unused-vars
WARN 
WARN src\components\base\SVG\Bell.tsx
WARN   Line 8:9:   'theme' is assigned a value but never used   @typescript-eslint/no-unused-vars
WARN   Line 9:11:  'width' is assigned a value but never used   @typescript-eslint/no-unused-vars
WARN   Line 9:18:  'height' is assigned a value but never used  @typescript-eslint/no-unused-vars
WARN   Line 9:26:  'fill' is assigned a value but never used    @typescript-eslint/no-unused-vars
WARN 
WARN src\components\base\SVG\Clock.tsx
WARN   Line 8:11:  'theme' is assigned a value but never used  @typescript-eslint/no-unused-vars
WARN   Line 9:28:  'fill' is assigned a value but never used   @typescript-eslint/no-unused-vars
WARN 
WARN src\components\base\SVG\Cloudy.tsx
WARN   Line 8:9:   'theme' is assigned a value but never used  @typescript-eslint/no-unused-vars
WARN   Line 9:26:  'fill' is assigned a value but never used   @typescript-eslint/no-unused-vars
WARN 
WARN src\components\base\SVG\CollapsedLogo.tsx
WARN   Line 8:9:   'theme' is assigned a value but never used  @typescript-eslint/no-unused-vars
WARN   Line 9:26:  'fill' is assigned a value but never used   @typescript-eslint/no-unused-vars
WARN 
WARN src\components\base\SVG\Hygrometer.tsx
WARN   Line 8:11:  'theme' is assigned a value but never used  @typescript-eslint/no-unused-vars
WARN   Line 9:28:  'fill' is assigned a value but never used   @typescript-eslint/no-unused-vars
WARN 
WARN src\components\base\SVG\Leaf.tsx
WARN   Line 8:9:   'theme' is assigned a value but never used  @typescript-eslint/no-unused-vars
WARN   Line 9:26:  'fill' is assigned a value but never used   @typescript-eslint/no-unused-vars
WARN 
WARN src\components\base\SVG\LocationSvg.tsx
WARN   Line 8:9:  'theme' is assigned a value but never used  @typescript-eslint/no-unused-vars
WARN 
WARN src\components\base\SVG\MagnifierSvg.tsx
WARN   Line 8:9:  'theme' is assigned a value but never used  @typescript-eslint/no-unused-vars
WARN 
WARN src\components\base\SVG\Rainy.tsx
WARN   Line 8:9:   'theme' is assigned a value but never used  @typescript-eslint/no-unused-vars
WARN   Line 9:26:  'fill' is assigned a value but never used   @typescript-eslint/no-unused-vars
WARN 
WARN src\components\base\SVG\Smile.tsx
WARN   Line 3:10:  'useTheme' is defined but never used  @typescript-eslint/no-unused-vars
WARN 
WARN src\components\base\SVG\SproutLogo.tsx
WARN   Line 8:9:   'theme' is assigned a value but never used  @typescript-eslint/no-unused-vars
WARN   Line 9:26:  'fill' is assigned a value but never used   @typescript-eslint/no-unused-vars
WARN 
WARN src\components\base\SVG\Sunny.tsx
WARN   Line 8:9:   'theme' is assigned a value but never used  @typescript-eslint/no-unused-vars
WARN   Line 9:26:  'fill' is assigned a value but never used   @typescript-eslint/no-unused-vars
WARN 
WARN src\components\base\SVG\Thermometer.tsx
WARN   Line 8:11:  'theme' is assigned a value but never used  @typescript-eslint/no-unused-vars
WARN   Line 9:28:  'fill' is assigned a value but never used   @typescript-eslint/no-unused-vars
WARN 
WARN src\components\base\SVG\YourCropsSvg.tsx
WARN   Line 9:26:  'fill' is assigned a value but never used  @typescript-eslint/no-unused-vars
WARN 
WARN src\components\base\Search\Search.style.ts
WARN   Line 2:10:  'theme' is defined but never used  @typescript-eslint/no-unused-vars
WARN 
WARN src\components\base\Search\Search.view.tsx
WARN   Line 22:6:  React Hook useEffect has a missing dependency: 'onSearch'. Either include it or remove the dependency array. If 'onSearch' changes too often, find the parent component that defines it and wrap that definition in useCallback  react-hooks/exhaustive-deps
WARN 
WARN src\components\base\Switch\Switch.style.ts
WARN   Line 2:10:  'theme' is defined but never used  @typescript-eslint/no-unused-vars
WARN 
WARN src\components\base\TextAreaField\TextAreaField.style.ts
WARN   Line 2:10:  'theme' is defined but never used  @typescript-eslint/no-unused-vars
WARN 
WARN src\components\base\TextAreaField\TextAreaField.view.tsx
WARN   Line 4:10:  'useTheme' is defined but never used  @typescript-eslint/no-unused-vars
WARN 
WARN src\components\base\TextField\TextField.style.ts
WARN   Line 2:10:  'theme' is defined but never used  @typescript-eslint/no-unused-vars
WARN 
WARN src\components\base\Typography\Typography.style.ts
WARN   Line 1:10:  'Theme' is defined but never used  @typescript-eslint/no-unused-vars
WARN 
WARN src\components\base\UserAvatar\UserAvatar.style.ts
WARN   Line 2:10:  'theme' is defined but never used  @typescript-eslint/no-unused-vars
WARN 
WARN src\components\base\WeatherCard\WeatherCard.view.tsx
WARN   Line 16:23:  'setWeatherData' is assigned a value but never used  @typescript-eslint/no-unused-vars
WARN   Line 27:9:   'date' is assigned a value but never used            @typescript-eslint/no-unused-vars
WARN 
WARN src\components\module\WeeklyWeather\WeeklyWeather.style.ts
WARN   Line 2:10:  'theme' is defined but never used  @typescript-eslint/no-unused-vars
WARN 
WARN src\components\module\WeeklyWeather\WeeklyWeather.view.tsx
WARN   Line 1:17:  'useEffect' is defined but never used  @typescript-eslint/no-unused-vars
WARN   Line 1:28:  'useRef' is defined but never used     @typescript-eslint/no-unused-vars
WARN   Line 1:36:  'useState' is defined but never used   @typescript-eslint/no-unused-vars
WARN 
WARN 
WARN asset size limit: The following asset(s) exceed the recommended size limit (244 KiB).
WARN This can impact web performance.
WARN Assets: 
WARN   0eaf807b1cf0eceabe0f.ttf (309 KiB)
WARN   3f7acfe50aad7ad68548.ttf (308 KiB)
WARN   9ca9ba81e9dcaa12b3a1.ttf (303 KiB)
WARN   461.dd9afc95.iframe.bundle.js (915 KiB)
WARN   77.598a0b45.iframe.bundle.js (583 KiB)
WARN   342.fdac925d.iframe.bundle.js (1.28 MiB)
WARN entrypoint size limit: The following entrypoint(s) combined asset size exceeds the recommended limit (244 KiB). This can impact web performance.
WARN Entrypoints:
WARN   main (1.3 MiB)
WARN       runtime~main.d6a34dfa.iframe.bundle.js
WARN       342.fdac925d.iframe.bundle.js
WARN       main.31eb259f.iframe.bundle.js
WARN 
<s> [webpack.Progress] 99% cache shutdown
<s> [webpack.Progress] 99% cache shutdown
<s> [webpack.Progress] 100% 

info => Output directory: C:\Users\Don\AppData\Local\Temp\chromatic--21244-HxWhVDJZqu9D
